<?xml version="1.0" encoding="UTF-8"?>
<!-- Generated by org.testng.reporters.JUnitXMLReporter -->
<testsuite ignored="0" hostname="IN-510D5S3" failures="0" tests="7" name="Surefire test" time="0.059" errors="0" timestamp="2023-03-26T22:32:38 IST">
  <testcase classname="com.ayan.service.TestCalculator" name="testAdd on testAdd(com.ayan.service.TestCalculator)" time="0.013"/>
  <testcase classname="com.ayan.service.TestCalculator" name="testDiv on testDiv(com.ayan.service.TestCalculator)" time="0.013"/>
  <testcase classname="com.ayan.service.TestCalculator" name="testMod on testMod(com.ayan.service.TestCalculator)" time="0.012"/>
  <testcase classname="com.ayan.service.TestCalculator" name="testSub on testSub(com.ayan.service.TestCalculator)" time="0.013"/>
  <testcase classname="com.ayan.service.TestCalculator" name="testMult on testMult(com.ayan.service.TestCalculator)" time="0.013"/>
  <testcase classname="com.ayan.service.TestCalculator" name="testModZero on testModZero(com.ayan.service.TestCalculator)" time="0.013"/>
  <testcase classname="com.ayan.service.TestCalculator" name="testDivZero on testDivZero(com.ayan.service.TestCalculator)" time="0.014"/>
</testsuite> <!-- Surefire test -->
