<?xml version="1.0" encoding="UTF-8"?>
<testsuite xmlns:xsi="http://www.w3.org/2001/XMLSchema-instance" xsi:noNamespaceSchemaLocation="https://maven.apache.org/surefire/maven-surefire-plugin/xsd/surefire-test-report-3.0.xsd" version="3.0" name="com.ayan.service.TestCalculator" time="0.518" tests="7" errors="0" skipped="0" failures="0">
  <properties>
[...]
</properties>
  <testcase name="testAdd on testAdd(com.ayan.service.TestCalculator)" classname="com.ayan.service.TestCalculator" time="0.005"/>
  <testcase name="testDiv on testDiv(com.ayan.service.TestCalculator)" classname="com.ayan.service.TestCalculator" time="0"/>
  <testcase name="testMod on testMod(com.ayan.service.TestCalculator)" classname="com.ayan.service.TestCalculator" time="0"/>
  <testcase name="testSub on testSub(com.ayan.service.TestCalculator)" classname="com.ayan.service.TestCalculator" time="0"/>
  <testcase name="testMult on testMult(com.ayan.service.TestCalculator)" classname="com.ayan.service.TestCalculator" time="0"/>
  <testcase name="testModZero on testModZero(com.ayan.service.TestCalculator)" classname="com.ayan.service.TestCalculator" time="0"/>
  <testcase name="testDivZero on testDivZero(com.ayan.service.TestCalculator)" classname="com.ayan.service.TestCalculator" time="0"/>
</testsuite>